<?xml version="1.0" encoding="UTF-8"?>
<testsuite xmlns:xsi="http://www.w3.org/2001/XMLSchema-instance" xsi:noNamespaceSchemaLocation="https://maven.apache.org/surefire/maven-surefire-plugin/xsd/surefire-test-report-3.0.xsd" version="3.0" name="CheckoutControllerTest" time="2.132" tests="1" errors="0" skipped="0" failures="0">
  <properties>
[...]
</properties>
  <testcase name="testScanAndResult" classname="CheckoutControllerTest" time="0.428">
    <system-out><![CDATA[
  .   ____          _            __ _ _
 /\\ / ___'_ __ _ _(_)_ __  __ _ \ \ \ \
( ( )\___ | '_ | '_| | '_ \/ _` | \ \ \ \
 \\/  ___)| |_)| | | | | || (_| |  ) ) ) )
  '  |____| .__|_| |_|_| |_\__, | / / / /
 =========|_|==============|___/=/_/_/_/
 :: Spring Boot ::                (v3.1.0)

2024-12-19T22:21:25.739+01:00  INFO 9781 --- [           main] CheckoutControllerTest                   : Starting CheckoutControllerTest using Java 21.0.5 with PID 9781 (started by adp in /home/adp/checkout-service)
2024-12-19T22:21:25.743+01:00  INFO 9781 --- [           main] CheckoutControllerTest                   : No active profile set, falling back to 1 default profile: "default"
2024-12-19T22:21:26.488+01:00  INFO 9781 --- [           main] o.s.b.w.embedded.tomcat.TomcatWebServer  : Tomcat initialized with port(s): 0 (http)
2024-12-19T22:21:26.495+01:00  INFO 9781 --- [           main] o.apache.catalina.core.StandardService   : Starting service [Tomcat]
2024-12-19T22:21:26.496+01:00  INFO 9781 --- [           main] o.apache.catalina.core.StandardEngine    : Starting Servlet engine: [Apache Tomcat/10.1.8]
2024-12-19T22:21:26.566+01:00  INFO 9781 --- [           main] o.a.c.c.C.[Tomcat].[localhost].[/]       : Initializing Spring embedded WebApplicationContext
2024-12-19T22:21:26.568+01:00  INFO 9781 --- [           main] w.s.c.ServletWebServerApplicationContext : Root WebApplicationContext: initialization completed in 807 ms
2024-12-19T22:21:26.920+01:00  INFO 9781 --- [           main] o.s.b.w.embedded.tomcat.TomcatWebServer  : Tomcat started on port(s): 39417 (http) with context path ''
2024-12-19T22:21:26.928+01:00  INFO 9781 --- [           main] CheckoutControllerTest                   : Started CheckoutControllerTest in 1.406 seconds (process running for 2.125)
]]></system-out>
    <system-err><![CDATA[WARNING: A Java agent has been loaded dynamically (/home/adp/.m2/repository/net/bytebuddy/byte-buddy-agent/1.14.4/byte-buddy-agent-1.14.4.jar)
WARNING: If a serviceability tool is in use, please run with -XX:+EnableDynamicAgentLoading to hide this warning
WARNING: If a serviceability tool is not in use, please run with -Djdk.instrument.traceUsage for more information
WARNING: Dynamic loading of agents will be disallowed by default in a future release
]]></system-err>
  </testcase>
</testsuite>